C:\Users\Mega Providers\Documents\GitHub\InspireERP\Inspire.Erp.Web\inspiresystems-Client\dist\out-tsc\e2e\src\app.po.js
C:\Users\Mega Providers\Documents\GitHub\InspireERP\Inspire.Erp.Web\inspiresystems-Client\dist\out-tsc\e2e\src\app.po.js.map
C:\Users\Mega Providers\Documents\GitHub\InspireERP\Inspire.Erp.Web\inspiresystems-Client\dist\out-tsc\e2e\src\app.e2e-spec.js
C:\Users\Mega Providers\Documents\GitHub\InspireERP\Inspire.Erp.Web\inspiresystems-Client\dist\out-tsc\e2e\src\app.e2e-spec.js.map
C:\Users\Mega Providers\Documents\GitHub\InspireERP\Inspire.Erp.Web\inspiresystems-Client\dist\out-tsc\src\app\layout\menu\service\app.menu.service.js
C:\Users\Mega Providers\Documents\GitHub\InspireERP\Inspire.Erp.Web\inspiresystems-Client\dist\out-tsc\src\app\layout\menu\service\app.menu.service.js.map
C:\Users\Mega Providers\Documents\GitHub\InspireERP\Inspire.Erp.Web\inspiresystems-Client\dist\out-tsc\src\app\shared\service\settings.js
C:\Users\Mega Providers\Documents\GitHub\InspireERP\Inspire.Erp.Web\inspiresystems-Client\dist\out-tsc\src\app\shared\service\settings.js.map
C:\Users\Mega Providers\Documents\GitHub\InspireERP\Inspire.Erp.Web\inspiresystems-Client\dist\out-tsc\src\app\shared\service\settings.service.js
C:\Users\Mega Providers\Documents\GitHub\InspireERP\Inspire.Erp.Web\inspiresystems-Client\dist\out-tsc\src\app\shared\service\settings.service.js.map
C:\Users\Mega Providers\Documents\GitHub\InspireERP\Inspire.Erp.Web\inspiresystems-Client\dist\out-tsc\src\app\app.component.js
C:\Users\Mega Providers\Documents\GitHub\InspireERP\Inspire.Erp.Web\inspiresystems-Client\dist\out-tsc\src\app\app.component.js.map
C:\Users\Mega Providers\Documents\GitHub\InspireERP\Inspire.Erp.Web\inspiresystems-Client\dist\out-tsc\src\app\layout\menu\component\app.menu.component.js
C:\Users\Mega Providers\Documents\GitHub\InspireERP\Inspire.Erp.Web\inspiresystems-Client\dist\out-tsc\src\app\layout\menu\component\app.menu.component.js.map
C:\Users\Mega Providers\Documents\GitHub\InspireERP\Inspire.Erp.Web\inspiresystems-Client\dist\out-tsc\src\app\layout\menu\component\app.menuitem.component.js
C:\Users\Mega Providers\Documents\GitHub\InspireERP\Inspire.Erp.Web\inspiresystems-Client\dist\out-tsc\src\app\layout\menu\component\app.menuitem.component.js.map
C:\Users\Mega Providers\Documents\GitHub\InspireERP\Inspire.Erp.Web\inspiresystems-Client\dist\out-tsc\src\app\layout\topbar\app.topbar.component.js
C:\Users\Mega Providers\Documents\GitHub\InspireERP\Inspire.Erp.Web\inspiresystems-Client\dist\out-tsc\src\app\layout\topbar\app.topbar.component.js.map
C:\Users\Mega Providers\Documents\GitHub\InspireERP\Inspire.Erp.Web\inspiresystems-Client\dist\out-tsc\src\app\layout\footer\app.footer.component.js
C:\Users\Mega Providers\Documents\GitHub\InspireERP\Inspire.Erp.Web\inspiresystems-Client\dist\out-tsc\src\app\layout\footer\app.footer.component.js.map
C:\Users\Mega Providers\Documents\GitHub\InspireERP\Inspire.Erp.Web\inspiresystems-Client\dist\out-tsc\src\app\shared\component\loading\loading.component.js
C:\Users\Mega Providers\Documents\GitHub\InspireERP\Inspire.Erp.Web\inspiresystems-Client\dist\out-tsc\src\app\shared\component\loading\loading.component.js.map
C:\Users\Mega Providers\Documents\GitHub\InspireERP\Inspire.Erp.Web\inspiresystems-Client\dist\out-tsc\src\app\shared\service\loading.service.js
C:\Users\Mega Providers\Documents\GitHub\InspireERP\Inspire.Erp.Web\inspiresystems-Client\dist\out-tsc\src\app\shared\service\loading.service.js.map
C:\Users\Mega Providers\Documents\GitHub\InspireERP\Inspire.Erp.Web\inspiresystems-Client\dist\out-tsc\src\app\core\interceptors\default.interceptor.js
C:\Users\Mega Providers\Documents\GitHub\InspireERP\Inspire.Erp.Web\inspiresystems-Client\dist\out-tsc\src\app\core\interceptors\default.interceptor.js.map
C:\Users\Mega Providers\Documents\GitHub\InspireERP\Inspire.Erp.Web\inspiresystems-Client\dist\out-tsc\src\app\core\module-import-guard.js
C:\Users\Mega Providers\Documents\GitHub\InspireERP\Inspire.Erp.Web\inspiresystems-Client\dist\out-tsc\src\app\core\module-import-guard.js.map
C:\Users\Mega Providers\Documents\GitHub\InspireERP\Inspire.Erp.Web\inspiresystems-Client\dist\out-tsc\src\app\core\core.module.js
C:\Users\Mega Providers\Documents\GitHub\InspireERP\Inspire.Erp.Web\inspiresystems-Client\dist\out-tsc\src\app\core\core.module.js.map
C:\Users\Mega Providers\Documents\GitHub\InspireERP\Inspire.Erp.Web\inspiresystems-Client\dist\out-tsc\src\app\shared\service\storage.service.js
C:\Users\Mega Providers\Documents\GitHub\InspireERP\Inspire.Erp.Web\inspiresystems-Client\dist\out-tsc\src\app\shared\service\storage.service.js.map
C:\Users\Mega Providers\Documents\GitHub\InspireERP\Inspire.Erp.Web\inspiresystems-Client\dist\out-tsc\src\app\shared\component\page-header\page-header.component.js
C:\Users\Mega Providers\Documents\GitHub\InspireERP\Inspire.Erp.Web\inspiresystems-Client\dist\out-tsc\src\app\shared\component\page-header\page-header.component.js.map
C:\Users\Mega Providers\Documents\GitHub\InspireERP\Inspire.Erp.Web\inspiresystems-Client\dist\out-tsc\src\app\shared\module\prime-module\prime-module.module.js
C:\Users\Mega Providers\Documents\GitHub\InspireERP\Inspire.Erp.Web\inspiresystems-Client\dist\out-tsc\src\app\shared\module\prime-module\prime-module.module.js.map
C:\Users\Mega Providers\Documents\GitHub\InspireERP\Inspire.Erp.Web\inspiresystems-Client\dist\out-tsc\src\app\shared\directive\p-add-row.directive.js
C:\Users\Mega Providers\Documents\GitHub\InspireERP\Inspire.Erp.Web\inspiresystems-Client\dist\out-tsc\src\app\shared\directive\p-add-row.directive.js.map
C:\Users\Mega Providers\Documents\GitHub\InspireERP\Inspire.Erp.Web\inspiresystems-Client\dist\out-tsc\src\app\shared\directive\use-utc.directive.js
C:\Users\Mega Providers\Documents\GitHub\InspireERP\Inspire.Erp.Web\inspiresystems-Client\dist\out-tsc\src\app\shared\directive\use-utc.directive.js.map
C:\Users\Mega Providers\Documents\GitHub\InspireERP\Inspire.Erp.Web\inspiresystems-Client\dist\out-tsc\src\app\shared\shared.module.js
C:\Users\Mega Providers\Documents\GitHub\InspireERP\Inspire.Erp.Web\inspiresystems-Client\dist\out-tsc\src\app\shared\shared.module.js.map
C:\Users\Mega Providers\Documents\GitHub\InspireERP\Inspire.Erp.Web\inspiresystems-Client\dist\out-tsc\src\app\routes\domain\CustomerMaster.js
C:\Users\Mega Providers\Documents\GitHub\InspireERP\Inspire.Erp.Web\inspiresystems-Client\dist\out-tsc\src\app\routes\domain\CustomerMaster.js.map
C:\Users\Mega Providers\Documents\GitHub\InspireERP\Inspire.Erp.Web\inspiresystems-Client\dist\out-tsc\src\app\routes\domain\SalesManMaster.js
C:\Users\Mega Providers\Documents\GitHub\InspireERP\Inspire.Erp.Web\inspiresystems-Client\dist\out-tsc\src\app\routes\domain\SalesManMaster.js.map
C:\Users\Mega Providers\Documents\GitHub\InspireERP\Inspire.Erp.Web\inspiresystems-Client\dist\out-tsc\src\app\routes\domain\LocationMaster.js
C:\Users\Mega Providers\Documents\GitHub\InspireERP\Inspire.Erp.Web\inspiresystems-Client\dist\out-tsc\src\app\routes\domain\LocationMaster.js.map
C:\Users\Mega Providers\Documents\GitHub\InspireERP\Inspire.Erp.Web\inspiresystems-Client\dist\out-tsc\src\app\routes\domain\IWorkGroup.js
C:\Users\Mega Providers\Documents\GitHub\InspireERP\Inspire.Erp.Web\inspiresystems-Client\dist\out-tsc\src\app\routes\domain\IWorkGroup.js.map
C:\Users\Mega Providers\Documents\GitHub\InspireERP\Inspire.Erp.Web\inspiresystems-Client\dist\out-tsc\src\app\routes\domain\IUser.js
C:\Users\Mega Providers\Documents\GitHub\InspireERP\Inspire.Erp.Web\inspiresystems-Client\dist\out-tsc\src\app\routes\domain\IUser.js.map
C:\Users\Mega Providers\Documents\GitHub\InspireERP\Inspire.Erp.Web\inspiresystems-Client\dist\out-tsc\src\app\routes\domain\BusinessTypeMaster.js
C:\Users\Mega Providers\Documents\GitHub\InspireERP\Inspire.Erp.Web\inspiresystems-Client\dist\out-tsc\src\app\routes\domain\BusinessTypeMaster.js.map
C:\Users\Mega Providers\Documents\GitHub\InspireERP\Inspire.Erp.Web\inspiresystems-Client\dist\out-tsc\src\app\routes\domain\ProjectDescriptionMaster.js
C:\Users\Mega Providers\Documents\GitHub\InspireERP\Inspire.Erp.Web\inspiresystems-Client\dist\out-tsc\src\app\routes\domain\ProjectDescriptionMaster.js.map
C:\Users\Mega Providers\Documents\GitHub\InspireERP\Inspire.Erp.Web\inspiresystems-Client\dist\out-tsc\src\app\routes\domain\CurrencyMaster.js
C:\Users\Mega Providers\Documents\GitHub\InspireERP\Inspire.Erp.Web\inspiresystems-Client\dist\out-tsc\src\app\routes\domain\CurrencyMaster.js.map
C:\Users\Mega Providers\Documents\GitHub\InspireERP\Inspire.Erp.Web\inspiresystems-Client\dist\out-tsc\src\app\routes\domain\PriceLevelMaster.js
C:\Users\Mega Providers\Documents\GitHub\InspireERP\Inspire.Erp.Web\inspiresystems-Client\dist\out-tsc\src\app\routes\domain\PriceLevelMaster.js.map
C:\Users\Mega Providers\Documents\GitHub\InspireERP\Inspire.Erp.Web\inspiresystems-Client\dist\out-tsc\src\app\routes\domain\ItemPriceLevelDetails.js
C:\Users\Mega Providers\Documents\GitHub\InspireERP\Inspire.Erp.Web\inspiresystems-Client\dist\out-tsc\src\app\routes\domain\ItemPriceLevelDetails.js.map
C:\Users\Mega Providers\Documents\GitHub\InspireERP\Inspire.Erp.Web\inspiresystems-Client\dist\out-tsc\src\app\routes\domain\ItemSupplierDetails.js
C:\Users\Mega Providers\Documents\GitHub\InspireERP\Inspire.Erp.Web\inspiresystems-Client\dist\out-tsc\src\app\routes\domain\ItemSupplierDetails.js.map
C:\Users\Mega Providers\Documents\GitHub\InspireERP\Inspire.Erp.Web\inspiresystems-Client\dist\out-tsc\src\app\routes\domain\UnitMaster.js
C:\Users\Mega Providers\Documents\GitHub\InspireERP\Inspire.Erp.Web\inspiresystems-Client\dist\out-tsc\src\app\routes\domain\UnitMaster.js.map
C:\Users\Mega Providers\Documents\GitHub\InspireERP\Inspire.Erp.Web\inspiresystems-Client\dist\out-tsc\src\app\routes\domain\UnitDetails.js
C:\Users\Mega Providers\Documents\GitHub\InspireERP\Inspire.Erp.Web\inspiresystems-Client\dist\out-tsc\src\app\routes\domain\UnitDetails.js.map
C:\Users\Mega Providers\Documents\GitHub\InspireERP\Inspire.Erp.Web\inspiresystems-Client\dist\out-tsc\src\app\routes\domain\ItemMaster.js
C:\Users\Mega Providers\Documents\GitHub\InspireERP\Inspire.Erp.Web\inspiresystems-Client\dist\out-tsc\src\app\routes\domain\ItemMaster.js.map
C:\Users\Mega Providers\Documents\GitHub\InspireERP\Inspire.Erp.Web\inspiresystems-Client\dist\out-tsc\src\app\routes\domain\ChartofAccounts.js
C:\Users\Mega Providers\Documents\GitHub\InspireERP\Inspire.Erp.Web\inspiresystems-Client\dist\out-tsc\src\app\routes\domain\ChartofAccounts.js.map
C:\Users\Mega Providers\Documents\GitHub\InspireERP\Inspire.Erp.Web\inspiresystems-Client\dist\out-tsc\src\app\routes\domain\BudgetMaster.js
C:\Users\Mega Providers\Documents\GitHub\InspireERP\Inspire.Erp.Web\inspiresystems-Client\dist\out-tsc\src\app\routes\domain\BudgetMaster.js.map
C:\Users\Mega Providers\Documents\GitHub\InspireERP\Inspire.Erp.Web\inspiresystems-Client\dist\out-tsc\src\app\routes\domain\CityMaster.js
C:\Users\Mega Providers\Documents\GitHub\InspireERP\Inspire.Erp.Web\inspiresystems-Client\dist\out-tsc\src\app\routes\domain\CityMaster.js.map
C:\Users\Mega Providers\Documents\GitHub\InspireERP\Inspire.Erp.Web\inspiresystems-Client\dist\out-tsc\src\app\routes\domain\CountryMaster.js
C:\Users\Mega Providers\Documents\GitHub\InspireERP\Inspire.Erp.Web\inspiresystems-Client\dist\out-tsc\src\app\routes\domain\CountryMaster.js.map
C:\Users\Mega Providers\Documents\GitHub\InspireERP\Inspire.Erp.Web\inspiresystems-Client\dist\out-tsc\src\app\routes\domain\SupplierMaster.js
C:\Users\Mega Providers\Documents\GitHub\InspireERP\Inspire.Erp.Web\inspiresystems-Client\dist\out-tsc\src\app\routes\domain\SupplierMaster.js.map
C:\Users\Mega Providers\Documents\GitHub\InspireERP\Inspire.Erp.Web\inspiresystems-Client\dist\out-tsc\src\app\routes\domain\DepartmentMaster.js
C:\Users\Mega Providers\Documents\GitHub\InspireERP\Inspire.Erp.Web\inspiresystems-Client\dist\out-tsc\src\app\routes\domain\DepartmentMaster.js.map
C:\Users\Mega Providers\Documents\GitHub\InspireERP\Inspire.Erp.Web\inspiresystems-Client\dist\out-tsc\src\app\routes\domain\AccountsTransactions.js
C:\Users\Mega Providers\Documents\GitHub\InspireERP\Inspire.Erp.Web\inspiresystems-Client\dist\out-tsc\src\app\routes\domain\AccountsTransactions.js.map
C:\Users\Mega Providers\Documents\GitHub\InspireERP\Inspire.Erp.Web\inspiresystems-Client\dist\out-tsc\src\app\routes\domain\ReceiptVoucherDetails.js
C:\Users\Mega Providers\Documents\GitHub\InspireERP\Inspire.Erp.Web\inspiresystems-Client\dist\out-tsc\src\app\routes\domain\ReceiptVoucherDetails.js.map
C:\Users\Mega Providers\Documents\GitHub\InspireERP\Inspire.Erp.Web\inspiresystems-Client\dist\out-tsc\src\app\routes\domain\ReceiptVoucher.js
C:\Users\Mega Providers\Documents\GitHub\InspireERP\Inspire.Erp.Web\inspiresystems-Client\dist\out-tsc\src\app\routes\domain\ReceiptVoucher.js.map
C:\Users\Mega Providers\Documents\GitHub\InspireERP\Inspire.Erp.Web\inspiresystems-Client\dist\out-tsc\src\app\routes\domain\index.js
C:\Users\Mega Providers\Documents\GitHub\InspireERP\Inspire.Erp.Web\inspiresystems-Client\dist\out-tsc\src\app\routes\domain\index.js.map
C:\Users\Mega Providers\Documents\GitHub\InspireERP\Inspire.Erp.Web\inspiresystems-Client\dist\out-tsc\src\app\routes\service\url.api.js
C:\Users\Mega Providers\Documents\GitHub\InspireERP\Inspire.Erp.Web\inspiresystems-Client\dist\out-tsc\src\app\routes\service\url.api.js.map
C:\Users\Mega Providers\Documents\GitHub\InspireERP\Inspire.Erp.Web\inspiresystems-Client\dist\out-tsc\src\environments\environment.js
C:\Users\Mega Providers\Documents\GitHub\InspireERP\Inspire.Erp.Web\inspiresystems-Client\dist\out-tsc\src\environments\environment.js.map
C:\Users\Mega Providers\Documents\GitHub\InspireERP\Inspire.Erp.Web\inspiresystems-Client\dist\out-tsc\src\app\routes\domain\JobMaster.js
C:\Users\Mega Providers\Documents\GitHub\InspireERP\Inspire.Erp.Web\inspiresystems-Client\dist\out-tsc\src\app\routes\domain\JobMaster.js.map
C:\Users\Mega Providers\Documents\GitHub\InspireERP\Inspire.Erp.Web\inspiresystems-Client\dist\out-tsc\src\app\routes\domain\CostCenterMaster.js
C:\Users\Mega Providers\Documents\GitHub\InspireERP\Inspire.Erp.Web\inspiresystems-Client\dist\out-tsc\src\app\routes\domain\CostCenterMaster.js.map
C:\Users\Mega Providers\Documents\GitHub\InspireERP\Inspire.Erp.Web\inspiresystems-Client\dist\out-tsc\src\app\routes\domain\ApiResponse.js
C:\Users\Mega Providers\Documents\GitHub\InspireERP\Inspire.Erp.Web\inspiresystems-Client\dist\out-tsc\src\app\routes\domain\ApiResponse.js.map
C:\Users\Mega Providers\Documents\GitHub\InspireERP\Inspire.Erp.Web\inspiresystems-Client\dist\out-tsc\src\app\routes\domain\VendorMaster.js
C:\Users\Mega Providers\Documents\GitHub\InspireERP\Inspire.Erp.Web\inspiresystems-Client\dist\out-tsc\src\app\routes\domain\VendorMaster.js.map
C:\Users\Mega Providers\Documents\GitHub\InspireERP\Inspire.Erp.Web\inspiresystems-Client\dist\out-tsc\src\app\routes\domain\ItemStockType.js
C:\Users\Mega Providers\Documents\GitHub\InspireERP\Inspire.Erp.Web\inspiresystems-Client\dist\out-tsc\src\app\routes\domain\ItemStockType.js.map
C:\Users\Mega Providers\Documents\GitHub\InspireERP\Inspire.Erp.Web\inspiresystems-Client\dist\out-tsc\src\app\routes\service\master.api.services.js
C:\Users\Mega Providers\Documents\GitHub\InspireERP\Inspire.Erp.Web\inspiresystems-Client\dist\out-tsc\src\app\routes\service\master.api.services.js.map
C:\Users\Mega Providers\Documents\GitHub\InspireERP\Inspire.Erp.Web\inspiresystems-Client\dist\out-tsc\src\app\routes\domain\PaymentVoucherDetails.js
C:\Users\Mega Providers\Documents\GitHub\InspireERP\Inspire.Erp.Web\inspiresystems-Client\dist\out-tsc\src\app\routes\domain\PaymentVoucherDetails.js.map
C:\Users\Mega Providers\Documents\GitHub\InspireERP\Inspire.Erp.Web\inspiresystems-Client\dist\out-tsc\src\app\routes\domain\PaymentVoucher.js
C:\Users\Mega Providers\Documents\GitHub\InspireERP\Inspire.Erp.Web\inspiresystems-Client\dist\out-tsc\src\app\routes\domain\PaymentVoucher.js.map
C:\Users\Mega Providers\Documents\GitHub\InspireERP\Inspire.Erp.Web\inspiresystems-Client\dist\out-tsc\src\app\routes\domain\PaymentVoucherCompositeView.js
C:\Users\Mega Providers\Documents\GitHub\InspireERP\Inspire.Erp.Web\inspiresystems-Client\dist\out-tsc\src\app\routes\domain\PaymentVoucherCompositeView.js.map
C:\Users\Mega Providers\Documents\GitHub\InspireERP\Inspire.Erp.Web\inspiresystems-Client\dist\out-tsc\src\app\routes\domain\ReceiptVoucherCompositeView.js
C:\Users\Mega Providers\Documents\GitHub\InspireERP\Inspire.Erp.Web\inspiresystems-Client\dist\out-tsc\src\app\routes\domain\ReceiptVoucherCompositeView.js.map
C:\Users\Mega Providers\Documents\GitHub\InspireERP\Inspire.Erp.Web\inspiresystems-Client\dist\out-tsc\src\app\routes\service\account.api.service.js
C:\Users\Mega Providers\Documents\GitHub\InspireERP\Inspire.Erp.Web\inspiresystems-Client\dist\out-tsc\src\app\routes\service\account.api.service.js.map
C:\Users\Mega Providers\Documents\GitHub\InspireERP\Inspire.Erp.Web\inspiresystems-Client\dist\out-tsc\src\app\shared\validator\customvalidtor.js
C:\Users\Mega Providers\Documents\GitHub\InspireERP\Inspire.Erp.Web\inspiresystems-Client\dist\out-tsc\src\app\shared\validator\customvalidtor.js.map
C:\Users\Mega Providers\Documents\GitHub\InspireERP\Inspire.Erp.Web\inspiresystems-Client\dist\out-tsc\src\app\routes\service\stock-api\stock-api.service.js
C:\Users\Mega Providers\Documents\GitHub\InspireERP\Inspire.Erp.Web\inspiresystems-Client\dist\out-tsc\src\app\routes\service\stock-api\stock-api.service.js.map
C:\Users\Mega Providers\Documents\GitHub\InspireERP\Inspire.Erp.Web\inspiresystems-Client\dist\out-tsc\src\app\routes\view\damage-entry\damage-entry.component.js
C:\Users\Mega Providers\Documents\GitHub\InspireERP\Inspire.Erp.Web\inspiresystems-Client\dist\out-tsc\src\app\routes\view\damage-entry\damage-entry.component.js.map
C:\Users\Mega Providers\Documents\GitHub\InspireERP\Inspire.Erp.Web\inspiresystems-Client\dist\out-tsc\src\app\routes\view\dashboard\dashboard.srevice.js
C:\Users\Mega Providers\Documents\GitHub\InspireERP\Inspire.Erp.Web\inspiresystems-Client\dist\out-tsc\src\app\routes\view\dashboard\dashboard.srevice.js.map
C:\Users\Mega Providers\Documents\GitHub\InspireERP\Inspire.Erp.Web\inspiresystems-Client\dist\out-tsc\src\app\routes\view\dashboard\dashboard.component.js
C:\Users\Mega Providers\Documents\GitHub\InspireERP\Inspire.Erp.Web\inspiresystems-Client\dist\out-tsc\src\app\routes\view\dashboard\dashboard.component.js.map
C:\Users\Mega Providers\Documents\GitHub\InspireERP\Inspire.Erp.Web\inspiresystems-Client\dist\out-tsc\src\app\routes\view\master\businesstype\businesstype.component.js
C:\Users\Mega Providers\Documents\GitHub\InspireERP\Inspire.Erp.Web\inspiresystems-Client\dist\out-tsc\src\app\routes\view\master\businesstype\businesstype.component.js.map
C:\Users\Mega Providers\Documents\GitHub\InspireERP\Inspire.Erp.Web\inspiresystems-Client\dist\out-tsc\src\app\routes\view\master\projectdescription\projectdescription.component.js
C:\Users\Mega Providers\Documents\GitHub\InspireERP\Inspire.Erp.Web\inspiresystems-Client\dist\out-tsc\src\app\routes\view\master\projectdescription\projectdescription.component.js.map
C:\Users\Mega Providers\Documents\GitHub\InspireERP\Inspire.Erp.Web\inspiresystems-Client\dist\out-tsc\src\app\routes\view\master\currency\currency.component.js
C:\Users\Mega Providers\Documents\GitHub\InspireERP\Inspire.Erp.Web\inspiresystems-Client\dist\out-tsc\src\app\routes\view\master\currency\currency.component.js.map
C:\Users\Mega Providers\Documents\GitHub\InspireERP\Inspire.Erp.Web\inspiresystems-Client\dist\out-tsc\src\app\routes\view\master\country\country.component.js
C:\Users\Mega Providers\Documents\GitHub\InspireERP\Inspire.Erp.Web\inspiresystems-Client\dist\out-tsc\src\app\routes\view\master\country\country.component.js.map
C:\Users\Mega Providers\Documents\GitHub\InspireERP\Inspire.Erp.Web\inspiresystems-Client\dist\out-tsc\src\app\routes\view\master\assetmanagment\assetmanagment.component.js
C:\Users\Mega Providers\Documents\GitHub\InspireERP\Inspire.Erp.Web\inspiresystems-Client\dist\out-tsc\src\app\routes\view\master\assetmanagment\assetmanagment.component.js.map
C:\Users\Mega Providers\Documents\GitHub\InspireERP\Inspire.Erp.Web\inspiresystems-Client\dist\out-tsc\src\app\routes\view\master\budget\budget.component.js
C:\Users\Mega Providers\Documents\GitHub\InspireERP\Inspire.Erp.Web\inspiresystems-Client\dist\out-tsc\src\app\routes\view\master\budget\budget.component.js.map
C:\Users\Mega Providers\Documents\GitHub\InspireERP\Inspire.Erp.Web\inspiresystems-Client\dist\out-tsc\src\app\routes\view\master\chartofaccount\chartofaccount.component.js
C:\Users\Mega Providers\Documents\GitHub\InspireERP\Inspire.Erp.Web\inspiresystems-Client\dist\out-tsc\src\app\routes\view\master\chartofaccount\chartofaccount.component.js.map
C:\Users\Mega Providers\Documents\GitHub\InspireERP\Inspire.Erp.Web\inspiresystems-Client\dist\out-tsc\src\app\routes\view\master\city\city.component.js
C:\Users\Mega Providers\Documents\GitHub\InspireERP\Inspire.Erp.Web\inspiresystems-Client\dist\out-tsc\src\app\routes\view\master\city\city.component.js.map
C:\Users\Mega Providers\Documents\GitHub\InspireERP\Inspire.Erp.Web\inspiresystems-Client\dist\out-tsc\src\app\routes\view\master\costcenter\costcenter.component.js
C:\Users\Mega Providers\Documents\GitHub\InspireERP\Inspire.Erp.Web\inspiresystems-Client\dist\out-tsc\src\app\routes\view\master\costcenter\costcenter.component.js.map
C:\Users\Mega Providers\Documents\GitHub\InspireERP\Inspire.Erp.Web\inspiresystems-Client\dist\out-tsc\src\app\routes\view\master\emailsettings\emailsettings.component.js
C:\Users\Mega Providers\Documents\GitHub\InspireERP\Inspire.Erp.Web\inspiresystems-Client\dist\out-tsc\src\app\routes\view\master\emailsettings\emailsettings.component.js.map
C:\Users\Mega Providers\Documents\GitHub\InspireERP\Inspire.Erp.Web\inspiresystems-Client\dist\out-tsc\src\app\routes\view\master\jobtype\jobtype.component.js
C:\Users\Mega Providers\Documents\GitHub\InspireERP\Inspire.Erp.Web\inspiresystems-Client\dist\out-tsc\src\app\routes\view\master\jobtype\jobtype.component.js.map
C:\Users\Mega Providers\Documents\GitHub\InspireERP\Inspire.Erp.Web\inspiresystems-Client\dist\out-tsc\src\app\routes\view\master\location\location.component.js
C:\Users\Mega Providers\Documents\GitHub\InspireERP\Inspire.Erp.Web\inspiresystems-Client\dist\out-tsc\src\app\routes\view\master\location\location.component.js.map
C:\Users\Mega Providers\Documents\GitHub\InspireERP\Inspire.Erp.Web\inspiresystems-Client\dist\out-tsc\src\app\routes\view\master\loyalty\loyalty.component.js
C:\Users\Mega Providers\Documents\GitHub\InspireERP\Inspire.Erp.Web\inspiresystems-Client\dist\out-tsc\src\app\routes\view\master\loyalty\loyalty.component.js.map
C:\Users\Mega Providers\Documents\GitHub\InspireERP\Inspire.Erp.Web\inspiresystems-Client\dist\out-tsc\src\app\routes\view\master\offers\offers.component.js
C:\Users\Mega Providers\Documents\GitHub\InspireERP\Inspire.Erp.Web\inspiresystems-Client\dist\out-tsc\src\app\routes\view\master\offers\offers.component.js.map
C:\Users\Mega Providers\Documents\GitHub\InspireERP\Inspire.Erp.Web\inspiresystems-Client\dist\out-tsc\src\app\routes\view\master\paymentmode\paymentmode.component.js
C:\Users\Mega Providers\Documents\GitHub\InspireERP\Inspire.Erp.Web\inspiresystems-Client\dist\out-tsc\src\app\routes\view\master\paymentmode\paymentmode.component.js.map
C:\Users\Mega Providers\Documents\GitHub\InspireERP\Inspire.Erp.Web\inspiresystems-Client\dist\out-tsc\src\app\routes\view\master\pricelevel\pricelevel.component.js
C:\Users\Mega Providers\Documents\GitHub\InspireERP\Inspire.Erp.Web\inspiresystems-Client\dist\out-tsc\src\app\routes\view\master\pricelevel\pricelevel.component.js.map
C:\Users\Mega Providers\Documents\GitHub\InspireERP\Inspire.Erp.Web\inspiresystems-Client\dist\out-tsc\src\app\routes\view\master\salesman\salesman.component.js
C:\Users\Mega Providers\Documents\GitHub\InspireERP\Inspire.Erp.Web\inspiresystems-Client\dist\out-tsc\src\app\routes\view\master\salesman\salesman.component.js.map
C:\Users\Mega Providers\Documents\GitHub\InspireERP\Inspire.Erp.Web\inspiresystems-Client\dist\out-tsc\src\app\routes\view\master\salesprocessing\salesprocessing.component.js
C:\Users\Mega Providers\Documents\GitHub\InspireERP\Inspire.Erp.Web\inspiresystems-Client\dist\out-tsc\src\app\routes\view\master\salesprocessing\salesprocessing.component.js.map
C:\Users\Mega Providers\Documents\GitHub\InspireERP\Inspire.Erp.Web\inspiresystems-Client\dist\out-tsc\src\app\routes\view\master\supplier\supplier.component.js
C:\Users\Mega Providers\Documents\GitHub\InspireERP\Inspire.Erp.Web\inspiresystems-Client\dist\out-tsc\src\app\routes\view\master\supplier\supplier.component.js.map
C:\Users\Mega Providers\Documents\GitHub\InspireERP\Inspire.Erp.Web\inspiresystems-Client\dist\out-tsc\src\app\routes\view\master\termsandcondition\termsandcondition.component.js
C:\Users\Mega Providers\Documents\GitHub\InspireERP\Inspire.Erp.Web\inspiresystems-Client\dist\out-tsc\src\app\routes\view\master\termsandcondition\termsandcondition.component.js.map
C:\Users\Mega Providers\Documents\GitHub\InspireERP\Inspire.Erp.Web\inspiresystems-Client\dist\out-tsc\src\app\routes\view\master\job\job.component.js
C:\Users\Mega Providers\Documents\GitHub\InspireERP\Inspire.Erp.Web\inspiresystems-Client\dist\out-tsc\src\app\routes\view\master\job\job.component.js.map
C:\Users\Mega Providers\Documents\GitHub\InspireERP\Inspire.Erp.Web\inspiresystems-Client\dist\out-tsc\src\app\routes\view\master\accountmanualcodeentry\accountmanualcodeentry.component.js
C:\Users\Mega Providers\Documents\GitHub\InspireERP\Inspire.Erp.Web\inspiresystems-Client\dist\out-tsc\src\app\routes\view\master\accountmanualcodeentry\accountmanualcodeentry.component.js.map
C:\Users\Mega Providers\Documents\GitHub\InspireERP\Inspire.Erp.Web\inspiresystems-Client\dist\out-tsc\src\app\routes\view\master\assetchart\assetchart.component.js
C:\Users\Mega Providers\Documents\GitHub\InspireERP\Inspire.Erp.Web\inspiresystems-Client\dist\out-tsc\src\app\routes\view\master\assetchart\assetchart.component.js.map
C:\Users\Mega Providers\Documents\GitHub\InspireERP\Inspire.Erp.Web\inspiresystems-Client\dist\out-tsc\src\app\routes\view\master\assetregister\assetregister.component.js
C:\Users\Mega Providers\Documents\GitHub\InspireERP\Inspire.Erp.Web\inspiresystems-Client\dist\out-tsc\src\app\routes\view\master\assetregister\assetregister.component.js.map
C:\Users\Mega Providers\Documents\GitHub\InspireERP\Inspire.Erp.Web\inspiresystems-Client\dist\out-tsc\src\app\routes\view\master\bankguarantee\bankguarantee.component.js
C:\Users\Mega Providers\Documents\GitHub\InspireERP\Inspire.Erp.Web\inspiresystems-Client\dist\out-tsc\src\app\routes\view\master\bankguarantee\bankguarantee.component.js.map
C:\Users\Mega Providers\Documents\GitHub\InspireERP\Inspire.Erp.Web\inspiresystems-Client\dist\out-tsc\src\app\routes\view\master\changepassword\changepassword.component.js
C:\Users\Mega Providers\Documents\GitHub\InspireERP\Inspire.Erp.Web\inspiresystems-Client\dist\out-tsc\src\app\routes\view\master\changepassword\changepassword.component.js.map
C:\Users\Mega Providers\Documents\GitHub\InspireERP\Inspire.Erp.Web\inspiresystems-Client\dist\out-tsc\src\app\routes\view\master\depreciationregister\depreciationregister.component.js
C:\Users\Mega Providers\Documents\GitHub\InspireERP\Inspire.Erp.Web\inspiresystems-Client\dist\out-tsc\src\app\routes\view\master\depreciationregister\depreciationregister.component.js.map
C:\Users\Mega Providers\Documents\GitHub\InspireERP\Inspire.Erp.Web\inspiresystems-Client\dist\out-tsc\src\app\routes\view\master\workgroup\workgroup.component.js
C:\Users\Mega Providers\Documents\GitHub\InspireERP\Inspire.Erp.Web\inspiresystems-Client\dist\out-tsc\src\app\routes\view\master\workgroup\workgroup.component.js.map
C:\Users\Mega Providers\Documents\GitHub\InspireERP\Inspire.Erp.Web\inspiresystems-Client\dist\out-tsc\src\app\routes\service\stock-api\global-serivce.service.js
C:\Users\Mega Providers\Documents\GitHub\InspireERP\Inspire.Erp.Web\inspiresystems-Client\dist\out-tsc\src\app\routes\service\stock-api\global-serivce.service.js.map
C:\Users\Mega Providers\Documents\GitHub\InspireERP\Inspire.Erp.Web\inspiresystems-Client\dist\out-tsc\src\app\routes\view\storewarehouse\stock-ledger-report\stock-ledger-report.component.js
C:\Users\Mega Providers\Documents\GitHub\InspireERP\Inspire.Erp.Web\inspiresystems-Client\dist\out-tsc\src\app\routes\view\storewarehouse\stock-ledger-report\stock-ledger-report.component.js.map
C:\Users\Mega Providers\Documents\GitHub\InspireERP\Inspire.Erp.Web\inspiresystems-Client\dist\out-tsc\src\app\routes\view\master\code\equipment\equipment.component.js
C:\Users\Mega Providers\Documents\GitHub\InspireERP\Inspire.Erp.Web\inspiresystems-Client\dist\out-tsc\src\app\routes\view\master\code\equipment\equipment.component.js.map
C:\Users\Mega Providers\Documents\GitHub\InspireERP\Inspire.Erp.Web\inspiresystems-Client\dist\out-tsc\src\app\routes\view\master\code\make\make.component.js
C:\Users\Mega Providers\Documents\GitHub\InspireERP\Inspire.Erp.Web\inspiresystems-Client\dist\out-tsc\src\app\routes\view\master\code\make\make.component.js.map
C:\Users\Mega Providers\Documents\GitHub\InspireERP\Inspire.Erp.Web\inspiresystems-Client\dist\out-tsc\src\app\routes\view\master\code\type\type.component.js
C:\Users\Mega Providers\Documents\GitHub\InspireERP\Inspire.Erp.Web\inspiresystems-Client\dist\out-tsc\src\app\routes\view\master\code\type\type.component.js.map
C:\Users\Mega Providers\Documents\GitHub\InspireERP\Inspire.Erp.Web\inspiresystems-Client\dist\out-tsc\src\app\routes\view\master\code\unit\unit.component.js
C:\Users\Mega Providers\Documents\GitHub\InspireERP\Inspire.Erp.Web\inspiresystems-Client\dist\out-tsc\src\app\routes\view\master\code\unit\unit.component.js.map
C:\Users\Mega Providers\Documents\GitHub\InspireERP\Inspire.Erp.Web\inspiresystems-Client\dist\out-tsc\src\app\routes\view\master\code\code-routing.module.js
C:\Users\Mega Providers\Documents\GitHub\InspireERP\Inspire.Erp.Web\inspiresystems-Client\dist\out-tsc\src\app\routes\view\master\code\code-routing.module.js.map
C:\Users\Mega Providers\Documents\GitHub\InspireERP\Inspire.Erp.Web\inspiresystems-Client\dist\out-tsc\src\app\routes\view\master\code\code.module.js
C:\Users\Mega Providers\Documents\GitHub\InspireERP\Inspire.Erp.Web\inspiresystems-Client\dist\out-tsc\src\app\routes\view\master\code\code.module.js.map
C:\Users\Mega Providers\Documents\GitHub\InspireERP\Inspire.Erp.Web\inspiresystems-Client\dist\out-tsc\src\app\routes\view\master\customer\customer-add\customer-add.component.js
C:\Users\Mega Providers\Documents\GitHub\InspireERP\Inspire.Erp.Web\inspiresystems-Client\dist\out-tsc\src\app\routes\view\master\customer\customer-add\customer-add.component.js.map
C:\Users\Mega Providers\Documents\GitHub\InspireERP\Inspire.Erp.Web\inspiresystems-Client\dist\out-tsc\src\app\routes\view\master\customer\customer-view\customer-view.component.js
C:\Users\Mega Providers\Documents\GitHub\InspireERP\Inspire.Erp.Web\inspiresystems-Client\dist\out-tsc\src\app\routes\view\master\customer\customer-view\customer-view.component.js.map
C:\Users\Mega Providers\Documents\GitHub\InspireERP\Inspire.Erp.Web\inspiresystems-Client\dist\out-tsc\src\app\routes\view\master\customer\customer-routing.module.js
C:\Users\Mega Providers\Documents\GitHub\InspireERP\Inspire.Erp.Web\inspiresystems-Client\dist\out-tsc\src\app\routes\view\master\customer\customer-routing.module.js.map
C:\Users\Mega Providers\Documents\GitHub\InspireERP\Inspire.Erp.Web\inspiresystems-Client\dist\out-tsc\src\app\routes\view\master\customer\customer.module.js
C:\Users\Mega Providers\Documents\GitHub\InspireERP\Inspire.Erp.Web\inspiresystems-Client\dist\out-tsc\src\app\routes\view\master\customer\customer.module.js.map
C:\Users\Mega Providers\Documents\GitHub\InspireERP\Inspire.Erp.Web\inspiresystems-Client\dist\out-tsc\src\app\routes\view\master\item-master\entry\entry.component.js
C:\Users\Mega Providers\Documents\GitHub\InspireERP\Inspire.Erp.Web\inspiresystems-Client\dist\out-tsc\src\app\routes\view\master\item-master\entry\entry.component.js.map
C:\Users\Mega Providers\Documents\GitHub\InspireERP\Inspire.Erp.Web\inspiresystems-Client\dist\out-tsc\src\app\routes\Enums\ItemMaster.js
C:\Users\Mega Providers\Documents\GitHub\InspireERP\Inspire.Erp.Web\inspiresystems-Client\dist\out-tsc\src\app\routes\Enums\ItemMaster.js.map
C:\Users\Mega Providers\Documents\GitHub\InspireERP\Inspire.Erp.Web\inspiresystems-Client\dist\out-tsc\src\app\routes\view\master\item-master\list\list.component.js
C:\Users\Mega Providers\Documents\GitHub\InspireERP\Inspire.Erp.Web\inspiresystems-Client\dist\out-tsc\src\app\routes\view\master\item-master\list\list.component.js.map
C:\Users\Mega Providers\Documents\GitHub\InspireERP\Inspire.Erp.Web\inspiresystems-Client\dist\out-tsc\src\app\routes\view\master\item-master\item-master-routing.module.js
C:\Users\Mega Providers\Documents\GitHub\InspireERP\Inspire.Erp.Web\inspiresystems-Client\dist\out-tsc\src\app\routes\view\master\item-master\item-master-routing.module.js.map
C:\Users\Mega Providers\Documents\GitHub\InspireERP\Inspire.Erp.Web\inspiresystems-Client\dist\out-tsc\src\app\routes\view\master\item-master\item-master.module.js
C:\Users\Mega Providers\Documents\GitHub\InspireERP\Inspire.Erp.Web\inspiresystems-Client\dist\out-tsc\src\app\routes\view\master\item-master\item-master.module.js.map
C:\Users\Mega Providers\Documents\GitHub\InspireERP\Inspire.Erp.Web\inspiresystems-Client\dist\out-tsc\src\app\routes\view\master\master-routing.module.js
C:\Users\Mega Providers\Documents\GitHub\InspireERP\Inspire.Erp.Web\inspiresystems-Client\dist\out-tsc\src\app\routes\view\master\master-routing.module.js.map
C:\Users\Mega Providers\Documents\GitHub\InspireERP\Inspire.Erp.Web\inspiresystems-Client\dist\out-tsc\src\app\routes\view\master\master.module.js
C:\Users\Mega Providers\Documents\GitHub\InspireERP\Inspire.Erp.Web\inspiresystems-Client\dist\out-tsc\src\app\routes\view\master\master.module.js.map
C:\Users\Mega Providers\Documents\GitHub\InspireERP\Inspire.Erp.Web\inspiresystems-Client\dist\out-tsc\src\app\routes\domain\JournalInvoiceDetails.js
C:\Users\Mega Providers\Documents\GitHub\InspireERP\Inspire.Erp.Web\inspiresystems-Client\dist\out-tsc\src\app\routes\domain\JournalInvoiceDetails.js.map
C:\Users\Mega Providers\Documents\GitHub\InspireERP\Inspire.Erp.Web\inspiresystems-Client\dist\out-tsc\src\app\routes\domain\JounralInvoiceMaster.js
C:\Users\Mega Providers\Documents\GitHub\InspireERP\Inspire.Erp.Web\inspiresystems-Client\dist\out-tsc\src\app\routes\domain\JounralInvoiceMaster.js.map
C:\Users\Mega Providers\Documents\GitHub\InspireERP\Inspire.Erp.Web\inspiresystems-Client\dist\out-tsc\src\app\routes\view\account\journalinvoice\journalinvoice.component.js
C:\Users\Mega Providers\Documents\GitHub\InspireERP\Inspire.Erp.Web\inspiresystems-Client\dist\out-tsc\src\app\routes\view\account\journalinvoice\journalinvoice.component.js.map
C:\Users\Mega Providers\Documents\GitHub\InspireERP\Inspire.Erp.Web\inspiresystems-Client\dist\out-tsc\src\app\routes\view\account\receiptvoucher\receiptvoucher.component.js
C:\Users\Mega Providers\Documents\GitHub\InspireERP\Inspire.Erp.Web\inspiresystems-Client\dist\out-tsc\src\app\routes\view\account\receiptvoucher\receiptvoucher.component.js.map
C:\Users\Mega Providers\Documents\GitHub\InspireERP\Inspire.Erp.Web\inspiresystems-Client\dist\out-tsc\src\app\routes\view\account\paymentvoucher\paymentvoucher.component.js
C:\Users\Mega Providers\Documents\GitHub\InspireERP\Inspire.Erp.Web\inspiresystems-Client\dist\out-tsc\src\app\routes\view\account\paymentvoucher\paymentvoucher.component.js.map
C:\Users\Mega Providers\Documents\GitHub\InspireERP\Inspire.Erp.Web\inspiresystems-Client\dist\out-tsc\src\app\routes\view\account\account-routing.module.js
C:\Users\Mega Providers\Documents\GitHub\InspireERP\Inspire.Erp.Web\inspiresystems-Client\dist\out-tsc\src\app\routes\view\account\account-routing.module.js.map
C:\Users\Mega Providers\Documents\GitHub\InspireERP\Inspire.Erp.Web\inspiresystems-Client\dist\out-tsc\src\app\routes\view\account\account.module.js
C:\Users\Mega Providers\Documents\GitHub\InspireERP\Inspire.Erp.Web\inspiresystems-Client\dist\out-tsc\src\app\routes\view\account\account.module.js.map
C:\Users\Mega Providers\Documents\GitHub\InspireERP\Inspire.Erp.Web\inspiresystems-Client\dist\out-tsc\src\app\routes\view\administration\administration-routing.module.js
C:\Users\Mega Providers\Documents\GitHub\InspireERP\Inspire.Erp.Web\inspiresystems-Client\dist\out-tsc\src\app\routes\view\administration\administration-routing.module.js.map
C:\Users\Mega Providers\Documents\GitHub\InspireERP\Inspire.Erp.Web\inspiresystems-Client\dist\out-tsc\src\app\routes\view\administration\administration.module.js
C:\Users\Mega Providers\Documents\GitHub\InspireERP\Inspire.Erp.Web\inspiresystems-Client\dist\out-tsc\src\app\routes\view\administration\administration.module.js.map
C:\Users\Mega Providers\Documents\GitHub\InspireERP\Inspire.Erp.Web\inspiresystems-Client\dist\out-tsc\src\app\routes\view\misreport\misreport-routing.module.js
C:\Users\Mega Providers\Documents\GitHub\InspireERP\Inspire.Erp.Web\inspiresystems-Client\dist\out-tsc\src\app\routes\view\misreport\misreport-routing.module.js.map
C:\Users\Mega Providers\Documents\GitHub\InspireERP\Inspire.Erp.Web\inspiresystems-Client\dist\out-tsc\src\app\routes\view\misreport\misreport.module.js
C:\Users\Mega Providers\Documents\GitHub\InspireERP\Inspire.Erp.Web\inspiresystems-Client\dist\out-tsc\src\app\routes\view\misreport\misreport.module.js.map
C:\Users\Mega Providers\Documents\GitHub\InspireERP\Inspire.Erp.Web\inspiresystems-Client\dist\out-tsc\src\app\routes\view\procurement\purchase-order\purchase-order.component.js
C:\Users\Mega Providers\Documents\GitHub\InspireERP\Inspire.Erp.Web\inspiresystems-Client\dist\out-tsc\src\app\routes\view\procurement\purchase-order\purchase-order.component.js.map
C:\Users\Mega Providers\Documents\GitHub\InspireERP\Inspire.Erp.Web\inspiresystems-Client\dist\out-tsc\src\app\routes\view\procurement\procurement-routing.module.js
C:\Users\Mega Providers\Documents\GitHub\InspireERP\Inspire.Erp.Web\inspiresystems-Client\dist\out-tsc\src\app\routes\view\procurement\procurement-routing.module.js.map
C:\Users\Mega Providers\Documents\GitHub\InspireERP\Inspire.Erp.Web\inspiresystems-Client\dist\out-tsc\src\app\routes\view\procurement\procurement.module.js
C:\Users\Mega Providers\Documents\GitHub\InspireERP\Inspire.Erp.Web\inspiresystems-Client\dist\out-tsc\src\app\routes\view\procurement\procurement.module.js.map
C:\Users\Mega Providers\Documents\GitHub\InspireERP\Inspire.Erp.Web\inspiresystems-Client\dist\out-tsc\src\app\routes\domain\CustomerQuotationDetails.js
C:\Users\Mega Providers\Documents\GitHub\InspireERP\Inspire.Erp.Web\inspiresystems-Client\dist\out-tsc\src\app\routes\domain\CustomerQuotationDetails.js.map
C:\Users\Mega Providers\Documents\GitHub\InspireERP\Inspire.Erp.Web\inspiresystems-Client\dist\out-tsc\src\app\routes\domain\CustomerQuotation.js
C:\Users\Mega Providers\Documents\GitHub\InspireERP\Inspire.Erp.Web\inspiresystems-Client\dist\out-tsc\src\app\routes\domain\CustomerQuotation.js.map
C:\Users\Mega Providers\Documents\GitHub\InspireERP\Inspire.Erp.Web\inspiresystems-Client\dist\out-tsc\src\app\routes\view\sale\customerquotation\customerquotation.component.js
C:\Users\Mega Providers\Documents\GitHub\InspireERP\Inspire.Erp.Web\inspiresystems-Client\dist\out-tsc\src\app\routes\view\sale\customerquotation\customerquotation.component.js.map
C:\Users\Mega Providers\Documents\GitHub\InspireERP\Inspire.Erp.Web\inspiresystems-Client\dist\out-tsc\src\app\routes\view\sale\sales-voucher\sales-voucher.component.js
C:\Users\Mega Providers\Documents\GitHub\InspireERP\Inspire.Erp.Web\inspiresystems-Client\dist\out-tsc\src\app\routes\view\sale\sales-voucher\sales-voucher.component.js.map
C:\Users\Mega Providers\Documents\GitHub\InspireERP\Inspire.Erp.Web\inspiresystems-Client\dist\out-tsc\src\app\routes\view\sale\customer-enquiry-search\customer-enquiry-search.component.js
C:\Users\Mega Providers\Documents\GitHub\InspireERP\Inspire.Erp.Web\inspiresystems-Client\dist\out-tsc\src\app\routes\view\sale\customer-enquiry-search\customer-enquiry-search.component.js.map
C:\Users\Mega Providers\Documents\GitHub\InspireERP\Inspire.Erp.Web\inspiresystems-Client\dist\out-tsc\src\app\routes\view\sale\sale-routing.module.js
C:\Users\Mega Providers\Documents\GitHub\InspireERP\Inspire.Erp.Web\inspiresystems-Client\dist\out-tsc\src\app\routes\view\sale\sale-routing.module.js.map
C:\Users\Mega Providers\Documents\GitHub\InspireERP\Inspire.Erp.Web\inspiresystems-Client\dist\out-tsc\src\app\routes\view\sale\sale.module.js
C:\Users\Mega Providers\Documents\GitHub\InspireERP\Inspire.Erp.Web\inspiresystems-Client\dist\out-tsc\src\app\routes\view\sale\sale.module.js.map
C:\Users\Mega Providers\Documents\GitHub\InspireERP\Inspire.Erp.Web\inspiresystems-Client\dist\out-tsc\src\app\routes\view\storewarehouse\stock-ledger\stock-ledger.component.js
C:\Users\Mega Providers\Documents\GitHub\InspireERP\Inspire.Erp.Web\inspiresystems-Client\dist\out-tsc\src\app\routes\view\storewarehouse\stock-ledger\stock-ledger.component.js.map
C:\Users\Mega Providers\Documents\GitHub\InspireERP\Inspire.Erp.Web\inspiresystems-Client\dist\out-tsc\src\app\routes\view\storewarehouse\stockmovementreport\stockmovementreport.component.js
C:\Users\Mega Providers\Documents\GitHub\InspireERP\Inspire.Erp.Web\inspiresystems-Client\dist\out-tsc\src\app\routes\view\storewarehouse\stockmovementreport\stockmovementreport.component.js.map
C:\Users\Mega Providers\Documents\GitHub\InspireERP\Inspire.Erp.Web\inspiresystems-Client\dist\out-tsc\src\app\routes\view\storewarehouse\stock-report\stock-report.component.js
C:\Users\Mega Providers\Documents\GitHub\InspireERP\Inspire.Erp.Web\inspiresystems-Client\dist\out-tsc\src\app\routes\view\storewarehouse\stock-report\stock-report.component.js.map
C:\Users\Mega Providers\Documents\GitHub\InspireERP\Inspire.Erp.Web\inspiresystems-Client\dist\out-tsc\src\app\routes\view\storewarehouse\stock-report-base-unit\stock-report-base-unit.component.js
C:\Users\Mega Providers\Documents\GitHub\InspireERP\Inspire.Erp.Web\inspiresystems-Client\dist\out-tsc\src\app\routes\view\storewarehouse\stock-report-base-unit\stock-report-base-unit.component.js.map
C:\Users\Mega Providers\Documents\GitHub\InspireERP\Inspire.Erp.Web\inspiresystems-Client\dist\out-tsc\src\app\routes\view\storewarehouse\stock-movement\stock-movement.component.js
C:\Users\Mega Providers\Documents\GitHub\InspireERP\Inspire.Erp.Web\inspiresystems-Client\dist\out-tsc\src\app\routes\view\storewarehouse\stock-movement\stock-movement.component.js.map
C:\Users\Mega Providers\Documents\GitHub\InspireERP\Inspire.Erp.Web\inspiresystems-Client\dist\out-tsc\src\app\routes\view\storewarehouse\stock-adjustment-report\stock-adjustment-report.component.js
C:\Users\Mega Providers\Documents\GitHub\InspireERP\Inspire.Erp.Web\inspiresystems-Client\dist\out-tsc\src\app\routes\view\storewarehouse\stock-adjustment-report\stock-adjustment-report.component.js.map
C:\Users\Mega Providers\Documents\GitHub\InspireERP\Inspire.Erp.Web\inspiresystems-Client\dist\out-tsc\src\app\routes\view\storewarehouse\recorder-level-report\recorder-level-report.component.js
C:\Users\Mega Providers\Documents\GitHub\InspireERP\Inspire.Erp.Web\inspiresystems-Client\dist\out-tsc\src\app\routes\view\storewarehouse\recorder-level-report\recorder-level-report.component.js.map
C:\Users\Mega Providers\Documents\GitHub\InspireERP\Inspire.Erp.Web\inspiresystems-Client\dist\out-tsc\src\app\routes\view\storewarehouse\bomstatus\bomstatus.component.js
C:\Users\Mega Providers\Documents\GitHub\InspireERP\Inspire.Erp.Web\inspiresystems-Client\dist\out-tsc\src\app\routes\view\storewarehouse\bomstatus\bomstatus.component.js.map
C:\Users\Mega Providers\Documents\GitHub\InspireERP\Inspire.Erp.Web\inspiresystems-Client\dist\out-tsc\src\app\routes\view\storewarehouse\issue-report\issue-report.component.js
C:\Users\Mega Providers\Documents\GitHub\InspireERP\Inspire.Erp.Web\inspiresystems-Client\dist\out-tsc\src\app\routes\view\storewarehouse\issue-report\issue-report.component.js.map
C:\Users\Mega Providers\Documents\GitHub\InspireERP\Inspire.Erp.Web\inspiresystems-Client\dist\out-tsc\src\app\routes\view\storewarehouse\invoice-profit-report\invoice-profit-report.component.js
C:\Users\Mega Providers\Documents\GitHub\InspireERP\Inspire.Erp.Web\inspiresystems-Client\dist\out-tsc\src\app\routes\view\storewarehouse\invoice-profit-report\invoice-profit-report.component.js.map
C:\Users\Mega Providers\Documents\GitHub\InspireERP\Inspire.Erp.Web\inspiresystems-Client\dist\out-tsc\src\app\routes\view\storewarehouse\stock-ageing-report\stock-ageing-report.component.js
C:\Users\Mega Providers\Documents\GitHub\InspireERP\Inspire.Erp.Web\inspiresystems-Client\dist\out-tsc\src\app\routes\view\storewarehouse\stock-ageing-report\stock-ageing-report.component.js.map
C:\Users\Mega Providers\Documents\GitHub\InspireERP\Inspire.Erp.Web\inspiresystems-Client\dist\out-tsc\src\app\routes\view\storewarehouse\item-wise-profit-report\item-wise-profit-report.component.js
C:\Users\Mega Providers\Documents\GitHub\InspireERP\Inspire.Erp.Web\inspiresystems-Client\dist\out-tsc\src\app\routes\view\storewarehouse\item-wise-profit-report\item-wise-profit-report.component.js.map
C:\Users\Mega Providers\Documents\GitHub\InspireERP\Inspire.Erp.Web\inspiresystems-Client\dist\out-tsc\src\app\routes\view\storewarehouse\stock-transfer\stock-transfer.component.js
C:\Users\Mega Providers\Documents\GitHub\InspireERP\Inspire.Erp.Web\inspiresystems-Client\dist\out-tsc\src\app\routes\view\storewarehouse\stock-transfer\stock-transfer.component.js.map
C:\Users\Mega Providers\Documents\GitHub\InspireERP\Inspire.Erp.Web\inspiresystems-Client\dist\out-tsc\src\app\routes\view\storewarehouse\storewarehouse-routing.module.js
C:\Users\Mega Providers\Documents\GitHub\InspireERP\Inspire.Erp.Web\inspiresystems-Client\dist\out-tsc\src\app\routes\view\storewarehouse\storewarehouse-routing.module.js.map
C:\Users\Mega Providers\Documents\GitHub\InspireERP\Inspire.Erp.Web\inspiresystems-Client\dist\out-tsc\src\app\routes\view\storewarehouse\storewarehouse.module.js
C:\Users\Mega Providers\Documents\GitHub\InspireERP\Inspire.Erp.Web\inspiresystems-Client\dist\out-tsc\src\app\routes\view\storewarehouse\storewarehouse.module.js.map
C:\Users\Mega Providers\Documents\GitHub\InspireERP\Inspire.Erp.Web\inspiresystems-Client\dist\out-tsc\src\app\routes\routes-routing.module.js
C:\Users\Mega Providers\Documents\GitHub\InspireERP\Inspire.Erp.Web\inspiresystems-Client\dist\out-tsc\src\app\routes\routes-routing.module.js.map
C:\Users\Mega Providers\Documents\GitHub\InspireERP\Inspire.Erp.Web\inspiresystems-Client\dist\out-tsc\src\app\routes\routes.module.js
C:\Users\Mega Providers\Documents\GitHub\InspireERP\Inspire.Erp.Web\inspiresystems-Client\dist\out-tsc\src\app\routes\routes.module.js.map
C:\Users\Mega Providers\Documents\GitHub\InspireERP\Inspire.Erp.Web\inspiresystems-Client\dist\out-tsc\src\app\layout\topbar\translater\translater.component.js
C:\Users\Mega Providers\Documents\GitHub\InspireERP\Inspire.Erp.Web\inspiresystems-Client\dist\out-tsc\src\app\layout\topbar\translater\translater.component.js.map
C:\Users\Mega Providers\Documents\GitHub\InspireERP\Inspire.Erp.Web\inspiresystems-Client\dist\out-tsc\src\app\app.module.js
C:\Users\Mega Providers\Documents\GitHub\InspireERP\Inspire.Erp.Web\inspiresystems-Client\dist\out-tsc\src\app\app.module.js.map
C:\Users\Mega Providers\Documents\GitHub\InspireERP\Inspire.Erp.Web\inspiresystems-Client\dist\out-tsc\src\main.js
C:\Users\Mega Providers\Documents\GitHub\InspireERP\Inspire.Erp.Web\inspiresystems-Client\dist\out-tsc\src\main.js.map
C:\Users\Mega Providers\Documents\GitHub\InspireERP\Inspire.Erp.Web\inspiresystems-Client\dist\out-tsc\src\polyfills.js
C:\Users\Mega Providers\Documents\GitHub\InspireERP\Inspire.Erp.Web\inspiresystems-Client\dist\out-tsc\src\polyfills.js.map
C:\Users\Mega Providers\Documents\GitHub\InspireERP\Inspire.Erp.Web\inspiresystems-Client\dist\out-tsc\src\test.js
C:\Users\Mega Providers\Documents\GitHub\InspireERP\Inspire.Erp.Web\inspiresystems-Client\dist\out-tsc\src\test.js.map
C:\Users\Mega Providers\Documents\GitHub\InspireERP\Inspire.Erp.Web\inspiresystems-Client\dist\out-tsc\src\app\app-routing.module.js
C:\Users\Mega Providers\Documents\GitHub\InspireERP\Inspire.Erp.Web\inspiresystems-Client\dist\out-tsc\src\app\app-routing.module.js.map
C:\Users\Mega Providers\Documents\GitHub\InspireERP\Inspire.Erp.Web\inspiresystems-Client\dist\out-tsc\src\app\app.component.spec.js
C:\Users\Mega Providers\Documents\GitHub\InspireERP\Inspire.Erp.Web\inspiresystems-Client\dist\out-tsc\src\app\app.component.spec.js.map
C:\Users\Mega Providers\Documents\GitHub\InspireERP\Inspire.Erp.Web\inspiresystems-Client\dist\out-tsc\src\app\app.routes.js
C:\Users\Mega Providers\Documents\GitHub\InspireERP\Inspire.Erp.Web\inspiresystems-Client\dist\out-tsc\src\app\app.routes.js.map
C:\Users\Mega Providers\Documents\GitHub\InspireERP\Inspire.Erp.Web\inspiresystems-Client\dist\out-tsc\src\app\layout\topbar\translater\translater.component.spec.js
C:\Users\Mega Providers\Documents\GitHub\InspireERP\Inspire.Erp.Web\inspiresystems-Client\dist\out-tsc\src\app\layout\topbar\translater\translater.component.spec.js.map
C:\Users\Mega Providers\Documents\GitHub\InspireERP\Inspire.Erp.Web\inspiresystems-Client\dist\out-tsc\src\app\routes\domain\Suppliers.js
C:\Users\Mega Providers\Documents\GitHub\InspireERP\Inspire.Erp.Web\inspiresystems-Client\dist\out-tsc\src\app\routes\domain\Suppliers.js.map
C:\Users\Mega Providers\Documents\GitHub\InspireERP\Inspire.Erp.Web\inspiresystems-Client\dist\out-tsc\src\app\routes\domain\PurchaseVoucherDetails.js
C:\Users\Mega Providers\Documents\GitHub\InspireERP\Inspire.Erp.Web\inspiresystems-Client\dist\out-tsc\src\app\routes\domain\PurchaseVoucherDetails.js.map
C:\Users\Mega Providers\Documents\GitHub\InspireERP\Inspire.Erp.Web\inspiresystems-Client\dist\out-tsc\src\app\routes\domain\PurchaseVoucher.js
C:\Users\Mega Providers\Documents\GitHub\InspireERP\Inspire.Erp.Web\inspiresystems-Client\dist\out-tsc\src\app\routes\domain\PurchaseVoucher.js.map
C:\Users\Mega Providers\Documents\GitHub\InspireERP\Inspire.Erp.Web\inspiresystems-Client\dist\out-tsc\src\app\routes\domain\SuppliersMaster.js
C:\Users\Mega Providers\Documents\GitHub\InspireERP\Inspire.Erp.Web\inspiresystems-Client\dist\out-tsc\src\app\routes\domain\SuppliersMaster.js.map
C:\Users\Mega Providers\Documents\GitHub\InspireERP\Inspire.Erp.Web\inspiresystems-Client\dist\out-tsc\src\app\routes\service\stock-api\global-serivce.service.spec.js
C:\Users\Mega Providers\Documents\GitHub\InspireERP\Inspire.Erp.Web\inspiresystems-Client\dist\out-tsc\src\app\routes\service\stock-api\global-serivce.service.spec.js.map
C:\Users\Mega Providers\Documents\GitHub\InspireERP\Inspire.Erp.Web\inspiresystems-Client\dist\out-tsc\src\app\routes\service\stock-api\stock-api.service.spec.js
C:\Users\Mega Providers\Documents\GitHub\InspireERP\Inspire.Erp.Web\inspiresystems-Client\dist\out-tsc\src\app\routes\service\stock-api\stock-api.service.spec.js.map
C:\Users\Mega Providers\Documents\GitHub\InspireERP\Inspire.Erp.Web\inspiresystems-Client\dist\out-tsc\src\app\routes\service\validationServices\login-validation.service.js
C:\Users\Mega Providers\Documents\GitHub\InspireERP\Inspire.Erp.Web\inspiresystems-Client\dist\out-tsc\src\app\routes\service\validationServices\login-validation.service.js.map
C:\Users\Mega Providers\Documents\GitHub\InspireERP\Inspire.Erp.Web\inspiresystems-Client\dist\out-tsc\src\app\routes\service\validationServices\login-validation.service.spec.js
C:\Users\Mega Providers\Documents\GitHub\InspireERP\Inspire.Erp.Web\inspiresystems-Client\dist\out-tsc\src\app\routes\service\validationServices\login-validation.service.spec.js.map
C:\Users\Mega Providers\Documents\GitHub\InspireERP\Inspire.Erp.Web\inspiresystems-Client\dist\out-tsc\src\app\routes\view\account\journalinvoice\journalinvoice.component.spec.js
C:\Users\Mega Providers\Documents\GitHub\InspireERP\Inspire.Erp.Web\inspiresystems-Client\dist\out-tsc\src\app\routes\view\account\journalinvoice\journalinvoice.component.spec.js.map
C:\Users\Mega Providers\Documents\GitHub\InspireERP\Inspire.Erp.Web\inspiresystems-Client\dist\out-tsc\src\app\routes\view\account\paymentvoucher\paymentvoucher.component.spec.js
C:\Users\Mega Providers\Documents\GitHub\InspireERP\Inspire.Erp.Web\inspiresystems-Client\dist\out-tsc\src\app\routes\view\account\paymentvoucher\paymentvoucher.component.spec.js.map
C:\Users\Mega Providers\Documents\GitHub\InspireERP\Inspire.Erp.Web\inspiresystems-Client\dist\out-tsc\src\app\routes\view\account\receiptvoucher\receiptvoucher.component.spec.js
C:\Users\Mega Providers\Documents\GitHub\InspireERP\Inspire.Erp.Web\inspiresystems-Client\dist\out-tsc\src\app\routes\view\account\receiptvoucher\receiptvoucher.component.spec.js.map
C:\Users\Mega Providers\Documents\GitHub\InspireERP\Inspire.Erp.Web\inspiresystems-Client\dist\out-tsc\src\app\routes\view\damage-entry\damage-entry.component.spec.js
C:\Users\Mega Providers\Documents\GitHub\InspireERP\Inspire.Erp.Web\inspiresystems-Client\dist\out-tsc\src\app\routes\view\damage-entry\damage-entry.component.spec.js.map
C:\Users\Mega Providers\Documents\GitHub\InspireERP\Inspire.Erp.Web\inspiresystems-Client\dist\out-tsc\src\app\routes\view\master\accountmanualcodeentry\accountmanualcodeentry.component.spec.js
C:\Users\Mega Providers\Documents\GitHub\InspireERP\Inspire.Erp.Web\inspiresystems-Client\dist\out-tsc\src\app\routes\view\master\accountmanualcodeentry\accountmanualcodeentry.component.spec.js.map
C:\Users\Mega Providers\Documents\GitHub\InspireERP\Inspire.Erp.Web\inspiresystems-Client\dist\out-tsc\src\app\routes\view\master\assetchart\assetchart.component.spec.js
C:\Users\Mega Providers\Documents\GitHub\InspireERP\Inspire.Erp.Web\inspiresystems-Client\dist\out-tsc\src\app\routes\view\master\assetchart\assetchart.component.spec.js.map
C:\Users\Mega Providers\Documents\GitHub\InspireERP\Inspire.Erp.Web\inspiresystems-Client\dist\out-tsc\src\app\routes\view\master\assetmanagment\assetmanagment.component.spec.js
C:\Users\Mega Providers\Documents\GitHub\InspireERP\Inspire.Erp.Web\inspiresystems-Client\dist\out-tsc\src\app\routes\view\master\assetmanagment\assetmanagment.component.spec.js.map
C:\Users\Mega Providers\Documents\GitHub\InspireERP\Inspire.Erp.Web\inspiresystems-Client\dist\out-tsc\src\app\routes\view\master\assetregister\assetregister.component.spec.js
C:\Users\Mega Providers\Documents\GitHub\InspireERP\Inspire.Erp.Web\inspiresystems-Client\dist\out-tsc\src\app\routes\view\master\assetregister\assetregister.component.spec.js.map
C:\Users\Mega Providers\Documents\GitHub\InspireERP\Inspire.Erp.Web\inspiresystems-Client\dist\out-tsc\src\app\routes\view\master\bankguarantee\bankguarantee.component.spec.js
C:\Users\Mega Providers\Documents\GitHub\InspireERP\Inspire.Erp.Web\inspiresystems-Client\dist\out-tsc\src\app\routes\view\master\bankguarantee\bankguarantee.component.spec.js.map
C:\Users\Mega Providers\Documents\GitHub\InspireERP\Inspire.Erp.Web\inspiresystems-Client\dist\out-tsc\src\app\routes\view\master\budget\budget.component.spec.js
C:\Users\Mega Providers\Documents\GitHub\InspireERP\Inspire.Erp.Web\inspiresystems-Client\dist\out-tsc\src\app\routes\view\master\budget\budget.component.spec.js.map
C:\Users\Mega Providers\Documents\GitHub\InspireERP\Inspire.Erp.Web\inspiresystems-Client\dist\out-tsc\src\app\routes\view\master\businesstype\businesstype.component.spec.js
C:\Users\Mega Providers\Documents\GitHub\InspireERP\Inspire.Erp.Web\inspiresystems-Client\dist\out-tsc\src\app\routes\view\master\businesstype\businesstype.component.spec.js.map
C:\Users\Mega Providers\Documents\GitHub\InspireERP\Inspire.Erp.Web\inspiresystems-Client\dist\out-tsc\src\app\routes\view\master\changepassword\changepassword.component.spec.js
C:\Users\Mega Providers\Documents\GitHub\InspireERP\Inspire.Erp.Web\inspiresystems-Client\dist\out-tsc\src\app\routes\view\master\changepassword\changepassword.component.spec.js.map
C:\Users\Mega Providers\Documents\GitHub\InspireERP\Inspire.Erp.Web\inspiresystems-Client\dist\out-tsc\src\app\routes\view\master\chartofaccount\chartofaccount.component.spec.js
C:\Users\Mega Providers\Documents\GitHub\InspireERP\Inspire.Erp.Web\inspiresystems-Client\dist\out-tsc\src\app\routes\view\master\chartofaccount\chartofaccount.component.spec.js.map
C:\Users\Mega Providers\Documents\GitHub\InspireERP\Inspire.Erp.Web\inspiresystems-Client\dist\out-tsc\src\app\routes\view\master\city\city.component.spec.js
C:\Users\Mega Providers\Documents\GitHub\InspireERP\Inspire.Erp.Web\inspiresystems-Client\dist\out-tsc\src\app\routes\view\master\city\city.component.spec.js.map
C:\Users\Mega Providers\Documents\GitHub\InspireERP\Inspire.Erp.Web\inspiresystems-Client\dist\out-tsc\src\app\routes\view\master\code\equipment\equipment.component.spec.js
C:\Users\Mega Providers\Documents\GitHub\InspireERP\Inspire.Erp.Web\inspiresystems-Client\dist\out-tsc\src\app\routes\view\master\code\equipment\equipment.component.spec.js.map
C:\Users\Mega Providers\Documents\GitHub\InspireERP\Inspire.Erp.Web\inspiresystems-Client\dist\out-tsc\src\app\routes\view\master\code\make\make.component.spec.js
C:\Users\Mega Providers\Documents\GitHub\InspireERP\Inspire.Erp.Web\inspiresystems-Client\dist\out-tsc\src\app\routes\view\master\code\make\make.component.spec.js.map
C:\Users\Mega Providers\Documents\GitHub\InspireERP\Inspire.Erp.Web\inspiresystems-Client\dist\out-tsc\src\app\routes\view\master\code\type\type.component.spec.js
C:\Users\Mega Providers\Documents\GitHub\InspireERP\Inspire.Erp.Web\inspiresystems-Client\dist\out-tsc\src\app\routes\view\master\code\type\type.component.spec.js.map
C:\Users\Mega Providers\Documents\GitHub\InspireERP\Inspire.Erp.Web\inspiresystems-Client\dist\out-tsc\src\app\routes\view\master\code\unit\unit.component.spec.js
C:\Users\Mega Providers\Documents\GitHub\InspireERP\Inspire.Erp.Web\inspiresystems-Client\dist\out-tsc\src\app\routes\view\master\code\unit\unit.component.spec.js.map
C:\Users\Mega Providers\Documents\GitHub\InspireERP\Inspire.Erp.Web\inspiresystems-Client\dist\out-tsc\src\app\routes\view\master\costcenter\costcenter.component.spec.js
C:\Users\Mega Providers\Documents\GitHub\InspireERP\Inspire.Erp.Web\inspiresystems-Client\dist\out-tsc\src\app\routes\view\master\costcenter\costcenter.component.spec.js.map
C:\Users\Mega Providers\Documents\GitHub\InspireERP\Inspire.Erp.Web\inspiresystems-Client\dist\out-tsc\src\app\routes\view\master\country\country.component.spec.js
C:\Users\Mega Providers\Documents\GitHub\InspireERP\Inspire.Erp.Web\inspiresystems-Client\dist\out-tsc\src\app\routes\view\master\country\country.component.spec.js.map
C:\Users\Mega Providers\Documents\GitHub\InspireERP\Inspire.Erp.Web\inspiresystems-Client\dist\out-tsc\src\app\routes\view\master\currency\currency.component.spec.js
C:\Users\Mega Providers\Documents\GitHub\InspireERP\Inspire.Erp.Web\inspiresystems-Client\dist\out-tsc\src\app\routes\view\master\currency\currency.component.spec.js.map
C:\Users\Mega Providers\Documents\GitHub\InspireERP\Inspire.Erp.Web\inspiresystems-Client\dist\out-tsc\src\app\routes\view\master\customer\customer-add\customer-add.component.spec.js
C:\Users\Mega Providers\Documents\GitHub\InspireERP\Inspire.Erp.Web\inspiresystems-Client\dist\out-tsc\src\app\routes\view\master\customer\customer-add\customer-add.component.spec.js.map
C:\Users\Mega Providers\Documents\GitHub\InspireERP\Inspire.Erp.Web\inspiresystems-Client\dist\out-tsc\src\app\routes\view\master\customer\customer-view\customer-view.component.spec.js
C:\Users\Mega Providers\Documents\GitHub\InspireERP\Inspire.Erp.Web\inspiresystems-Client\dist\out-tsc\src\app\routes\view\master\customer\customer-view\customer-view.component.spec.js.map
C:\Users\Mega Providers\Documents\GitHub\InspireERP\Inspire.Erp.Web\inspiresystems-Client\dist\out-tsc\src\app\routes\view\master\department\department.component.js
C:\Users\Mega Providers\Documents\GitHub\InspireERP\Inspire.Erp.Web\inspiresystems-Client\dist\out-tsc\src\app\routes\view\master\department\department.component.js.map
C:\Users\Mega Providers\Documents\GitHub\InspireERP\Inspire.Erp.Web\inspiresystems-Client\dist\out-tsc\src\app\routes\view\master\department\department.component.spec.js
C:\Users\Mega Providers\Documents\GitHub\InspireERP\Inspire.Erp.Web\inspiresystems-Client\dist\out-tsc\src\app\routes\view\master\department\department.component.spec.js.map
C:\Users\Mega Providers\Documents\GitHub\InspireERP\Inspire.Erp.Web\inspiresystems-Client\dist\out-tsc\src\app\routes\view\master\depreciationregister\depreciationregister.component.spec.js
C:\Users\Mega Providers\Documents\GitHub\InspireERP\Inspire.Erp.Web\inspiresystems-Client\dist\out-tsc\src\app\routes\view\master\depreciationregister\depreciationregister.component.spec.js.map
C:\Users\Mega Providers\Documents\GitHub\InspireERP\Inspire.Erp.Web\inspiresystems-Client\dist\out-tsc\src\app\routes\view\master\emailsettings\emailsettings.component.spec.js
C:\Users\Mega Providers\Documents\GitHub\InspireERP\Inspire.Erp.Web\inspiresystems-Client\dist\out-tsc\src\app\routes\view\master\emailsettings\emailsettings.component.spec.js.map
C:\Users\Mega Providers\Documents\GitHub\InspireERP\Inspire.Erp.Web\inspiresystems-Client\dist\out-tsc\src\app\routes\view\master\item-master\entry\entry.component.spec.js
C:\Users\Mega Providers\Documents\GitHub\InspireERP\Inspire.Erp.Web\inspiresystems-Client\dist\out-tsc\src\app\routes\view\master\item-master\entry\entry.component.spec.js.map
C:\Users\Mega Providers\Documents\GitHub\InspireERP\Inspire.Erp.Web\inspiresystems-Client\dist\out-tsc\src\app\routes\view\master\item-master\list\list.component.spec.js
C:\Users\Mega Providers\Documents\GitHub\InspireERP\Inspire.Erp.Web\inspiresystems-Client\dist\out-tsc\src\app\routes\view\master\item-master\list\list.component.spec.js.map
C:\Users\Mega Providers\Documents\GitHub\InspireERP\Inspire.Erp.Web\inspiresystems-Client\dist\out-tsc\src\app\routes\view\master\job\job.component.spec.js
C:\Users\Mega Providers\Documents\GitHub\InspireERP\Inspire.Erp.Web\inspiresystems-Client\dist\out-tsc\src\app\routes\view\master\job\job.component.spec.js.map
C:\Users\Mega Providers\Documents\GitHub\InspireERP\Inspire.Erp.Web\inspiresystems-Client\dist\out-tsc\src\app\routes\view\master\jobtype\jobtype.component.spec.js
C:\Users\Mega Providers\Documents\GitHub\InspireERP\Inspire.Erp.Web\inspiresystems-Client\dist\out-tsc\src\app\routes\view\master\jobtype\jobtype.component.spec.js.map
C:\Users\Mega Providers\Documents\GitHub\InspireERP\Inspire.Erp.Web\inspiresystems-Client\dist\out-tsc\src\app\routes\view\master\location\location.component.spec.js
C:\Users\Mega Providers\Documents\GitHub\InspireERP\Inspire.Erp.Web\inspiresystems-Client\dist\out-tsc\src\app\routes\view\master\location\location.component.spec.js.map
C:\Users\Mega Providers\Documents\GitHub\InspireERP\Inspire.Erp.Web\inspiresystems-Client\dist\out-tsc\src\app\routes\view\master\loyalty\loyalty.component.spec.js
C:\Users\Mega Providers\Documents\GitHub\InspireERP\Inspire.Erp.Web\inspiresystems-Client\dist\out-tsc\src\app\routes\view\master\loyalty\loyalty.component.spec.js.map
C:\Users\Mega Providers\Documents\GitHub\InspireERP\Inspire.Erp.Web\inspiresystems-Client\dist\out-tsc\src\app\routes\view\master\offers\offers.component.spec.js
C:\Users\Mega Providers\Documents\GitHub\InspireERP\Inspire.Erp.Web\inspiresystems-Client\dist\out-tsc\src\app\routes\view\master\offers\offers.component.spec.js.map
C:\Users\Mega Providers\Documents\GitHub\InspireERP\Inspire.Erp.Web\inspiresystems-Client\dist\out-tsc\src\app\routes\view\master\paymentmode\paymentmode.component.spec.js
C:\Users\Mega Providers\Documents\GitHub\InspireERP\Inspire.Erp.Web\inspiresystems-Client\dist\out-tsc\src\app\routes\view\master\paymentmode\paymentmode.component.spec.js.map
C:\Users\Mega Providers\Documents\GitHub\InspireERP\Inspire.Erp.Web\inspiresystems-Client\dist\out-tsc\src\app\routes\view\master\pricelevel\pricelevel.component.spec.js
C:\Users\Mega Providers\Documents\GitHub\InspireERP\Inspire.Erp.Web\inspiresystems-Client\dist\out-tsc\src\app\routes\view\master\pricelevel\pricelevel.component.spec.js.map
C:\Users\Mega Providers\Documents\GitHub\InspireERP\Inspire.Erp.Web\inspiresystems-Client\dist\out-tsc\src\app\routes\view\master\projectdescription\projectdescription.component.spec.js
C:\Users\Mega Providers\Documents\GitHub\InspireERP\Inspire.Erp.Web\inspiresystems-Client\dist\out-tsc\src\app\routes\view\master\projectdescription\projectdescription.component.spec.js.map
C:\Users\Mega Providers\Documents\GitHub\InspireERP\Inspire.Erp.Web\inspiresystems-Client\dist\out-tsc\src\app\routes\view\master\salesman\salesman.component.spec.js
C:\Users\Mega Providers\Documents\GitHub\InspireERP\Inspire.Erp.Web\inspiresystems-Client\dist\out-tsc\src\app\routes\view\master\salesman\salesman.component.spec.js.map
C:\Users\Mega Providers\Documents\GitHub\InspireERP\Inspire.Erp.Web\inspiresystems-Client\dist\out-tsc\src\app\routes\view\master\salesprocessing\salesprocessing.component.spec.js
C:\Users\Mega Providers\Documents\GitHub\InspireERP\Inspire.Erp.Web\inspiresystems-Client\dist\out-tsc\src\app\routes\view\master\salesprocessing\salesprocessing.component.spec.js.map
C:\Users\Mega Providers\Documents\GitHub\InspireERP\Inspire.Erp.Web\inspiresystems-Client\dist\out-tsc\src\app\routes\view\master\supplier\supplier.component.spec.js
C:\Users\Mega Providers\Documents\GitHub\InspireERP\Inspire.Erp.Web\inspiresystems-Client\dist\out-tsc\src\app\routes\view\master\supplier\supplier.component.spec.js.map
C:\Users\Mega Providers\Documents\GitHub\InspireERP\Inspire.Erp.Web\inspiresystems-Client\dist\out-tsc\src\app\routes\view\master\termsandcondition\termsandcondition.component.spec.js
C:\Users\Mega Providers\Documents\GitHub\InspireERP\Inspire.Erp.Web\inspiresystems-Client\dist\out-tsc\src\app\routes\view\master\termsandcondition\termsandcondition.component.spec.js.map
C:\Users\Mega Providers\Documents\GitHub\InspireERP\Inspire.Erp.Web\inspiresystems-Client\dist\out-tsc\src\app\routes\view\master\workgroup\workgroup.component.spec.js
C:\Users\Mega Providers\Documents\GitHub\InspireERP\Inspire.Erp.Web\inspiresystems-Client\dist\out-tsc\src\app\routes\view\master\workgroup\workgroup.component.spec.js.map
C:\Users\Mega Providers\Documents\GitHub\InspireERP\Inspire.Erp.Web\inspiresystems-Client\dist\out-tsc\src\app\routes\view\procurement\purchase-order\purchase-order.component.spec.js
C:\Users\Mega Providers\Documents\GitHub\InspireERP\Inspire.Erp.Web\inspiresystems-Client\dist\out-tsc\src\app\routes\view\procurement\purchase-order\purchase-order.component.spec.js.map
C:\Users\Mega Providers\Documents\GitHub\InspireERP\Inspire.Erp.Web\inspiresystems-Client\dist\out-tsc\src\app\routes\view\sale\customer-enquiry-search\customer-enquiry-search.component.spec.js
C:\Users\Mega Providers\Documents\GitHub\InspireERP\Inspire.Erp.Web\inspiresystems-Client\dist\out-tsc\src\app\routes\view\sale\customer-enquiry-search\customer-enquiry-search.component.spec.js.map
C:\Users\Mega Providers\Documents\GitHub\InspireERP\Inspire.Erp.Web\inspiresystems-Client\dist\out-tsc\src\app\routes\view\sale\customerquotation\customerquotation.component.spec.js
C:\Users\Mega Providers\Documents\GitHub\InspireERP\Inspire.Erp.Web\inspiresystems-Client\dist\out-tsc\src\app\routes\view\sale\customerquotation\customerquotation.component.spec.js.map
C:\Users\Mega Providers\Documents\GitHub\InspireERP\Inspire.Erp.Web\inspiresystems-Client\dist\out-tsc\src\app\routes\view\sale\sales-voucher\sales-voucher.component.spec.js
C:\Users\Mega Providers\Documents\GitHub\InspireERP\Inspire.Erp.Web\inspiresystems-Client\dist\out-tsc\src\app\routes\view\sale\sales-voucher\sales-voucher.component.spec.js.map
C:\Users\Mega Providers\Documents\GitHub\InspireERP\Inspire.Erp.Web\inspiresystems-Client\dist\out-tsc\src\app\routes\view\storewarehouse\bomstatus\bomstatus.component.spec.js
C:\Users\Mega Providers\Documents\GitHub\InspireERP\Inspire.Erp.Web\inspiresystems-Client\dist\out-tsc\src\app\routes\view\storewarehouse\bomstatus\bomstatus.component.spec.js.map
C:\Users\Mega Providers\Documents\GitHub\InspireERP\Inspire.Erp.Web\inspiresystems-Client\dist\out-tsc\src\app\routes\view\storewarehouse\invoice-profit-report\invoice-profit-report.component.spec.js
C:\Users\Mega Providers\Documents\GitHub\InspireERP\Inspire.Erp.Web\inspiresystems-Client\dist\out-tsc\src\app\routes\view\storewarehouse\invoice-profit-report\invoice-profit-report.component.spec.js.map
C:\Users\Mega Providers\Documents\GitHub\InspireERP\Inspire.Erp.Web\inspiresystems-Client\dist\out-tsc\src\app\routes\view\storewarehouse\issue-report\issue-report.component.spec.js
C:\Users\Mega Providers\Documents\GitHub\InspireERP\Inspire.Erp.Web\inspiresystems-Client\dist\out-tsc\src\app\routes\view\storewarehouse\issue-report\issue-report.component.spec.js.map
C:\Users\Mega Providers\Documents\GitHub\InspireERP\Inspire.Erp.Web\inspiresystems-Client\dist\out-tsc\src\app\routes\view\storewarehouse\item-wise-profit-report\item-wise-profit-report.component.spec.js
C:\Users\Mega Providers\Documents\GitHub\InspireERP\Inspire.Erp.Web\inspiresystems-Client\dist\out-tsc\src\app\routes\view\storewarehouse\item-wise-profit-report\item-wise-profit-report.component.spec.js.map
C:\Users\Mega Providers\Documents\GitHub\InspireERP\Inspire.Erp.Web\inspiresystems-Client\dist\out-tsc\src\app\routes\view\storewarehouse\recorder-level-report\recorder-level-report.component.spec.js
C:\Users\Mega Providers\Documents\GitHub\InspireERP\Inspire.Erp.Web\inspiresystems-Client\dist\out-tsc\src\app\routes\view\storewarehouse\recorder-level-report\recorder-level-report.component.spec.js.map
C:\Users\Mega Providers\Documents\GitHub\InspireERP\Inspire.Erp.Web\inspiresystems-Client\dist\out-tsc\src\app\routes\view\storewarehouse\stock-adjustment-report\stock-adjustment-report.component.spec.js
C:\Users\Mega Providers\Documents\GitHub\InspireERP\Inspire.Erp.Web\inspiresystems-Client\dist\out-tsc\src\app\routes\view\storewarehouse\stock-adjustment-report\stock-adjustment-report.component.spec.js.map
C:\Users\Mega Providers\Documents\GitHub\InspireERP\Inspire.Erp.Web\inspiresystems-Client\dist\out-tsc\src\app\routes\view\storewarehouse\stock-ageing-report\stock-ageing-report.component.spec.js
C:\Users\Mega Providers\Documents\GitHub\InspireERP\Inspire.Erp.Web\inspiresystems-Client\dist\out-tsc\src\app\routes\view\storewarehouse\stock-ageing-report\stock-ageing-report.component.spec.js.map
C:\Users\Mega Providers\Documents\GitHub\InspireERP\Inspire.Erp.Web\inspiresystems-Client\dist\out-tsc\src\app\routes\view\storewarehouse\stock-ledger\stock-ledger.component.spec.js
C:\Users\Mega Providers\Documents\GitHub\InspireERP\Inspire.Erp.Web\inspiresystems-Client\dist\out-tsc\src\app\routes\view\storewarehouse\stock-ledger\stock-ledger.component.spec.js.map
C:\Users\Mega Providers\Documents\GitHub\InspireERP\Inspire.Erp.Web\inspiresystems-Client\dist\out-tsc\src\app\routes\view\storewarehouse\stock-ledger-report\stock-ledger-report.component.spec.js
C:\Users\Mega Providers\Documents\GitHub\InspireERP\Inspire.Erp.Web\inspiresystems-Client\dist\out-tsc\src\app\routes\view\storewarehouse\stock-ledger-report\stock-ledger-report.component.spec.js.map
C:\Users\Mega Providers\Documents\GitHub\InspireERP\Inspire.Erp.Web\inspiresystems-Client\dist\out-tsc\src\app\routes\view\storewarehouse\stock-movement\stock-movement.component.spec.js
C:\Users\Mega Providers\Documents\GitHub\InspireERP\Inspire.Erp.Web\inspiresystems-Client\dist\out-tsc\src\app\routes\view\storewarehouse\stock-movement\stock-movement.component.spec.js.map
C:\Users\Mega Providers\Documents\GitHub\InspireERP\Inspire.Erp.Web\inspiresystems-Client\dist\out-tsc\src\app\routes\view\storewarehouse\stock-report\stock-report.component.spec.js
C:\Users\Mega Providers\Documents\GitHub\InspireERP\Inspire.Erp.Web\inspiresystems-Client\dist\out-tsc\src\app\routes\view\storewarehouse\stock-report\stock-report.component.spec.js.map
C:\Users\Mega Providers\Documents\GitHub\InspireERP\Inspire.Erp.Web\inspiresystems-Client\dist\out-tsc\src\app\routes\view\storewarehouse\stock-report-base-unit\stock-report-base-unit.component.spec.js
C:\Users\Mega Providers\Documents\GitHub\InspireERP\Inspire.Erp.Web\inspiresystems-Client\dist\out-tsc\src\app\routes\view\storewarehouse\stock-report-base-unit\stock-report-base-unit.component.spec.js.map
C:\Users\Mega Providers\Documents\GitHub\InspireERP\Inspire.Erp.Web\inspiresystems-Client\dist\out-tsc\src\app\routes\view\storewarehouse\stock-transfer\stock-transfer.component.spec.js
C:\Users\Mega Providers\Documents\GitHub\InspireERP\Inspire.Erp.Web\inspiresystems-Client\dist\out-tsc\src\app\routes\view\storewarehouse\stock-transfer\stock-transfer.component.spec.js.map
C:\Users\Mega Providers\Documents\GitHub\InspireERP\Inspire.Erp.Web\inspiresystems-Client\dist\out-tsc\src\app\routes\view\storewarehouse\stockmovementreport\stockmovementreport.component.spec.js
C:\Users\Mega Providers\Documents\GitHub\InspireERP\Inspire.Erp.Web\inspiresystems-Client\dist\out-tsc\src\app\routes\view\storewarehouse\stockmovementreport\stockmovementreport.component.spec.js.map
C:\Users\Mega Providers\Documents\GitHub\InspireERP\Inspire.Erp.Web\inspiresystems-Client\dist\out-tsc\src\app\shared\component\loading\loading.component.spec.js
C:\Users\Mega Providers\Documents\GitHub\InspireERP\Inspire.Erp.Web\inspiresystems-Client\dist\out-tsc\src\app\shared\component\loading\loading.component.spec.js.map
C:\Users\Mega Providers\Documents\GitHub\InspireERP\Inspire.Erp.Web\inspiresystems-Client\dist\out-tsc\src\app\shared\component\page-header\page-header.component.spec.js
C:\Users\Mega Providers\Documents\GitHub\InspireERP\Inspire.Erp.Web\inspiresystems-Client\dist\out-tsc\src\app\shared\component\page-header\page-header.component.spec.js.map
C:\Users\Mega Providers\Documents\GitHub\InspireERP\Inspire.Erp.Web\inspiresystems-Client\dist\out-tsc\src\app\shared\directive\p-add-row.directive.spec.js
C:\Users\Mega Providers\Documents\GitHub\InspireERP\Inspire.Erp.Web\inspiresystems-Client\dist\out-tsc\src\app\shared\directive\p-add-row.directive.spec.js.map
C:\Users\Mega Providers\Documents\GitHub\InspireERP\Inspire.Erp.Web\inspiresystems-Client\dist\out-tsc\src\app\shared\directive\use-utc.directive.spec.js
C:\Users\Mega Providers\Documents\GitHub\InspireERP\Inspire.Erp.Web\inspiresystems-Client\dist\out-tsc\src\app\shared\directive\use-utc.directive.spec.js.map
C:\Users\Mega Providers\Documents\GitHub\InspireERP\Inspire.Erp.Web\inspiresystems-Client\dist\out-tsc\src\app\shared\service\directionality.service.js
C:\Users\Mega Providers\Documents\GitHub\InspireERP\Inspire.Erp.Web\inspiresystems-Client\dist\out-tsc\src\app\shared\service\directionality.service.js.map
C:\Users\Mega Providers\Documents\GitHub\InspireERP\Inspire.Erp.Web\inspiresystems-Client\dist\out-tsc\src\environments\environment.prod.js
C:\Users\Mega Providers\Documents\GitHub\InspireERP\Inspire.Erp.Web\inspiresystems-Client\dist\out-tsc\src\environments\environment.prod.js.map
